<?xml version="1.0" encoding="UTF-8"?>
<testsuite xmlns:xsi="http://www.w3.org/2001/XMLSchema-instance" xsi:noNamespaceSchemaLocation="https://maven.apache.org/surefire/maven-surefire-plugin/xsd/surefire-test-report.xsd" version="3.0.2" name="com.korea.attendance.KoreaAttendanceApplicationTests" time="3.16" tests="1" errors="0" skipped="0" failures="0">
  <properties>
[...]
</properties>
  <testcase name="contextLoads" classname="com.korea.attendance.KoreaAttendanceApplicationTests" time="1.389">
    <system-out><![CDATA[16:46:38.226 [main] INFO org.springframework.test.context.support.AnnotationConfigContextLoaderUtils -- Could not detect default configuration classes for test class [com.korea.attendance.KoreaAttendanceApplicationTests]: KoreaAttendanceApplicationTests does not declare any static, non-private, non-final, nested classes annotated with @Configuration.
16:46:38.311 [main] INFO org.springframework.boot.test.context.SpringBootTestContextBootstrapper -- Found @SpringBootConfiguration com.korea.attendance.KoreaAttendanceApplication for test class com.korea.attendance.KoreaAttendanceApplicationTests
16:46:38.442 [main] INFO org.springframework.boot.devtools.restart.RestartApplicationListener -- Restart disabled due to context in which it is running

  .   ____          _            __ _ _
 /\\ / ___'_ __ _ _(_)_ __  __ _ \ \ \ \
( ( )\___ | '_ | '_| | '_ \/ _` | \ \ \ \
 \\/  ___)| |_)| | | | | || (_| |  ) ) ) )
  '  |____| .__|_| |_|_| |_\__, | / / / /
 =========|_|==============|___/=/_/_/_/

 :: Spring Boot ::                (v3.4.2)

2025-02-28T16:46:38.632+09:00  INFO 12716 --- [KoreaAttendance] [           main] c.k.a.KoreaAttendanceApplicationTests    : Starting KoreaAttendanceApplicationTests using Java 17.0.4.1 with PID 12716 (started by ttttm in I:\KoreaAttendanceHS\KoreaAttendanceHS)
2025-02-28T16:46:38.633+09:00  INFO 12716 --- [KoreaAttendance] [           main] c.k.a.KoreaAttendanceApplicationTests    : No active profile set, falling back to 1 default profile: "default"
2025-02-28T16:46:39.113+09:00 DEBUG 12716 --- [KoreaAttendance] [           main] org.apache.ibatis.logging.LogFactory     : Logging initialized using 'class org.apache.ibatis.logging.slf4j.Slf4jImpl' adapter.
2025-02-28T16:46:39.115+09:00 DEBUG 12716 --- [KoreaAttendance] [           main] o.m.s.mapper.ClassPathMapperScanner      : Identified candidate component class: file [I:\KoreaAttendanceHS\KoreaAttendanceHS\target\classes\com\korea\attendance\repository\AttendanceMapper.class]
2025-02-28T16:46:39.116+09:00 DEBUG 12716 --- [KoreaAttendance] [           main] o.m.s.mapper.ClassPathMapperScanner      : Identified candidate component class: file [I:\KoreaAttendanceHS\KoreaAttendanceHS\target\classes\com\korea\attendance\repository\AuthMapper.class]
2025-02-28T16:46:39.116+09:00 DEBUG 12716 --- [KoreaAttendance] [           main] o.m.s.mapper.ClassPathMapperScanner      : Identified candidate component class: file [I:\KoreaAttendanceHS\KoreaAttendanceHS\target\classes\com\korea\attendance\repository\ClassMapper.class]
2025-02-28T16:46:39.116+09:00 DEBUG 12716 --- [KoreaAttendance] [           main] o.m.s.mapper.ClassPathMapperScanner      : Identified candidate component class: file [I:\KoreaAttendanceHS\KoreaAttendanceHS\target\classes\com\korea\attendance\repository\DatabaseMapper.class]
2025-02-28T16:46:39.116+09:00 DEBUG 12716 --- [KoreaAttendance] [           main] o.m.s.mapper.ClassPathMapperScanner      : Identified candidate component class: file [I:\KoreaAttendanceHS\KoreaAttendanceHS\target\classes\com\korea\attendance\repository\StudentMapper.class]
2025-02-28T16:46:39.116+09:00 DEBUG 12716 --- [KoreaAttendance] [           main] o.m.s.mapper.ClassPathMapperScanner      : Identified candidate component class: file [I:\KoreaAttendanceHS\KoreaAttendanceHS\target\classes\com\korea\attendance\repository\SurveyMapper.class]
2025-02-28T16:46:39.116+09:00 DEBUG 12716 --- [KoreaAttendance] [           main] o.m.s.mapper.ClassPathMapperScanner      : Identified candidate component class: file [I:\KoreaAttendanceHS\KoreaAttendanceHS\target\classes\com\korea\attendance\repository\TestMapper.class]
2025-02-28T16:46:39.117+09:00 DEBUG 12716 --- [KoreaAttendance] [           main] o.m.s.mapper.ClassPathMapperScanner      : Creating MapperFactoryBean with name 'attendanceMapper' and 'com.korea.attendance.repository.AttendanceMapper' mapperInterface
2025-02-28T16:46:39.119+09:00 DEBUG 12716 --- [KoreaAttendance] [           main] o.m.s.mapper.ClassPathMapperScanner      : Enabling autowire by type for MapperFactoryBean with name 'attendanceMapper'.
2025-02-28T16:46:39.119+09:00 DEBUG 12716 --- [KoreaAttendance] [           main] o.m.s.mapper.ClassPathMapperScanner      : Creating MapperFactoryBean with name 'authMapper' and 'com.korea.attendance.repository.AuthMapper' mapperInterface
2025-02-28T16:46:39.119+09:00 DEBUG 12716 --- [KoreaAttendance] [           main] o.m.s.mapper.ClassPathMapperScanner      : Enabling autowire by type for MapperFactoryBean with name 'authMapper'.
2025-02-28T16:46:39.119+09:00 DEBUG 12716 --- [KoreaAttendance] [           main] o.m.s.mapper.ClassPathMapperScanner      : Creating MapperFactoryBean with name 'classMapper' and 'com.korea.attendance.repository.ClassMapper' mapperInterface
2025-02-28T16:46:39.120+09:00 DEBUG 12716 --- [KoreaAttendance] [           main] o.m.s.mapper.ClassPathMapperScanner      : Enabling autowire by type for MapperFactoryBean with name 'classMapper'.
2025-02-28T16:46:39.120+09:00 DEBUG 12716 --- [KoreaAttendance] [           main] o.m.s.mapper.ClassPathMapperScanner      : Creating MapperFactoryBean with name 'databaseMapper' and 'com.korea.attendance.repository.DatabaseMapper' mapperInterface
2025-02-28T16:46:39.120+09:00 DEBUG 12716 --- [KoreaAttendance] [           main] o.m.s.mapper.ClassPathMapperScanner      : Enabling autowire by type for MapperFactoryBean with name 'databaseMapper'.
2025-02-28T16:46:39.121+09:00 DEBUG 12716 --- [KoreaAttendance] [           main] o.m.s.mapper.ClassPathMapperScanner      : Creating MapperFactoryBean with name 'studentMapper' and 'com.korea.attendance.repository.StudentMapper' mapperInterface
2025-02-28T16:46:39.121+09:00 DEBUG 12716 --- [KoreaAttendance] [           main] o.m.s.mapper.ClassPathMapperScanner      : Enabling autowire by type for MapperFactoryBean with name 'studentMapper'.
2025-02-28T16:46:39.121+09:00 DEBUG 12716 --- [KoreaAttendance] [           main] o.m.s.mapper.ClassPathMapperScanner      : Creating MapperFactoryBean with name 'surveyMapper' and 'com.korea.attendance.repository.SurveyMapper' mapperInterface
2025-02-28T16:46:39.121+09:00 DEBUG 12716 --- [KoreaAttendance] [           main] o.m.s.mapper.ClassPathMapperScanner      : Enabling autowire by type for MapperFactoryBean with name 'surveyMapper'.
2025-02-28T16:46:39.122+09:00 DEBUG 12716 --- [KoreaAttendance] [           main] o.m.s.mapper.ClassPathMapperScanner      : Creating MapperFactoryBean with name 'testMapper' and 'com.korea.attendance.repository.TestMapper' mapperInterface
2025-02-28T16:46:39.122+09:00 DEBUG 12716 --- [KoreaAttendance] [           main] o.m.s.mapper.ClassPathMapperScanner      : Enabling autowire by type for MapperFactoryBean with name 'testMapper'.
2025-02-28T16:46:39.308+09:00 DEBUG 12716 --- [KoreaAttendance] [           main] o.mybatis.spring.SqlSessionFactoryBean   : Property 'configuration' or 'configLocation' not specified, using default MyBatis Configuration
2025-02-28T16:46:39.339+09:00 DEBUG 12716 --- [KoreaAttendance] [           main] o.mybatis.spring.SqlSessionFactoryBean   : Property 'mapperLocations' was not specified.
2025-02-28T16:46:39.567+09:00  INFO 12716 --- [KoreaAttendance] [           main] o.s.b.a.w.s.WelcomePageHandlerMapping    : Adding welcome page: class path resource [static/index.html]
2025-02-28T16:46:39.862+09:00  INFO 12716 --- [KoreaAttendance] [           main] c.k.a.KoreaAttendanceApplicationTests    : Started KoreaAttendanceApplicationTests in 1.429 seconds (process running for 2.404)
]]></system-out>
  </testcase>
</testsuite>