<?xml version="1.0" encoding="UTF-8"?>
<testsuite xmlns:xsi="http://www.w3.org/2001/XMLSchema-instance" xsi:noNamespaceSchemaLocation="https://maven.apache.org/surefire/maven-surefire-plugin/xsd/surefire-test-report.xsd" version="3.0.2" name="com.lms.attendance.KoreaAttendanceApplicationTests" time="4.267" tests="1" errors="0" skipped="0" failures="0">
  <properties>
[...]
</properties>
  <testcase name="contextLoads" classname="com.lms.attendance.KoreaAttendanceApplicationTests" time="1.031">
    <system-out><![CDATA[15:01:55.777 [main] INFO org.springframework.boot.devtools.restart.RestartApplicationListener -- Restart disabled due to context in which it is running

  .   ____          _            __ _ _
 /\\ / ___'_ __ _ _(_)_ __  __ _ \ \ \ \
( ( )\___ | '_ | '_| | '_ \/ _` | \ \ \ \
 \\/  ___)| |_)| | | | | || (_| |  ) ) ) )
  '  |____| .__|_| |_|_| |_\__, | / / / /
 =========|_|==============|___/=/_/_/_/

 :: Spring Boot ::                (v3.4.2)

2025-03-27T15:01:56.012+09:00  INFO 5316 --- [LearnAlive] [           main] c.l.a.KoreaAttendanceApplicationTests    : Starting KoreaAttendanceApplicationTests using Java 17.0.4.1 with PID 5316 (started by ttttm in I:\TeamWorkspace\LearnAliveLMS-main\LearnAlive)
2025-03-27T15:01:56.013+09:00  INFO 5316 --- [LearnAlive] [           main] c.l.a.KoreaAttendanceApplicationTests    : No active profile set, falling back to 1 default profile: "default"
2025-03-27T15:01:57.459+09:00 DEBUG 5316 --- [LearnAlive] [           main] org.apache.ibatis.logging.LogFactory     : Logging initialized using 'class org.apache.ibatis.logging.slf4j.Slf4jImpl' adapter.
2025-03-27T15:01:57.463+09:00 DEBUG 5316 --- [LearnAlive] [           main] o.m.s.mapper.ClassPathMapperScanner      : Identified candidate component class: file [I:\TeamWorkspace\LearnAliveLMS-main\LearnAlive\target\classes\com\lms\attendance\repository\AchievementMapper.class]
2025-03-27T15:01:57.463+09:00 DEBUG 5316 --- [LearnAlive] [           main] o.m.s.mapper.ClassPathMapperScanner      : Identified candidate component class: file [I:\TeamWorkspace\LearnAliveLMS-main\LearnAlive\target\classes\com\lms\attendance\repository\AlarmListMapper.class]
2025-03-27T15:01:57.463+09:00 DEBUG 5316 --- [LearnAlive] [           main] o.m.s.mapper.ClassPathMapperScanner      : Identified candidate component class: file [I:\TeamWorkspace\LearnAliveLMS-main\LearnAlive\target\classes\com\lms\attendance\repository\AttendanceMapper.class]
2025-03-27T15:01:57.464+09:00 DEBUG 5316 --- [LearnAlive] [           main] o.m.s.mapper.ClassPathMapperScanner      : Identified candidate component class: file [I:\TeamWorkspace\LearnAliveLMS-main\LearnAlive\target\classes\com\lms\attendance\repository\AuthMapper.class]
2025-03-27T15:01:57.464+09:00 DEBUG 5316 --- [LearnAlive] [           main] o.m.s.mapper.ClassPathMapperScanner      : Identified candidate component class: file [I:\TeamWorkspace\LearnAliveLMS-main\LearnAlive\target\classes\com\lms\attendance\repository\BoardMapper.class]
2025-03-27T15:01:57.464+09:00 DEBUG 5316 --- [LearnAlive] [           main] o.m.s.mapper.ClassPathMapperScanner      : Identified candidate component class: file [I:\TeamWorkspace\LearnAliveLMS-main\LearnAlive\target\classes\com\lms\attendance\repository\ClassMapper.class]
2025-03-27T15:01:57.464+09:00 DEBUG 5316 --- [LearnAlive] [           main] o.m.s.mapper.ClassPathMapperScanner      : Identified candidate component class: file [I:\TeamWorkspace\LearnAliveLMS-main\LearnAlive\target\classes\com\lms\attendance\repository\CourseMapper.class]
2025-03-27T15:01:57.464+09:00 DEBUG 5316 --- [LearnAlive] [           main] o.m.s.mapper.ClassPathMapperScanner      : Identified candidate component class: file [I:\TeamWorkspace\LearnAliveLMS-main\LearnAlive\target\classes\com\lms\attendance\repository\DatabaseMapper.class]
2025-03-27T15:01:57.464+09:00 DEBUG 5316 --- [LearnAlive] [           main] o.m.s.mapper.ClassPathMapperScanner      : Identified candidate component class: file [I:\TeamWorkspace\LearnAliveLMS-main\LearnAlive\target\classes\com\lms\attendance\repository\DepartmentMapper.class]
2025-03-27T15:01:57.464+09:00 DEBUG 5316 --- [LearnAlive] [           main] o.m.s.mapper.ClassPathMapperScanner      : Identified candidate component class: file [I:\TeamWorkspace\LearnAliveLMS-main\LearnAlive\target\classes\com\lms\attendance\repository\ExamAnswerMapper.class]
2025-03-27T15:01:57.464+09:00 DEBUG 5316 --- [LearnAlive] [           main] o.m.s.mapper.ClassPathMapperScanner      : Identified candidate component class: file [I:\TeamWorkspace\LearnAliveLMS-main\LearnAlive\target\classes\com\lms\attendance\repository\ExamMapper.class]
2025-03-27T15:01:57.464+09:00 DEBUG 5316 --- [LearnAlive] [           main] o.m.s.mapper.ClassPathMapperScanner      : Identified candidate component class: file [I:\TeamWorkspace\LearnAliveLMS-main\LearnAlive\target\classes\com\lms\attendance\repository\ExamQuestionMapper.class]
2025-03-27T15:01:57.464+09:00 DEBUG 5316 --- [LearnAlive] [           main] o.m.s.mapper.ClassPathMapperScanner      : Identified candidate component class: file [I:\TeamWorkspace\LearnAliveLMS-main\LearnAlive\target\classes\com\lms\attendance\repository\ExamScoreMapper.class]
2025-03-27T15:01:57.465+09:00 DEBUG 5316 --- [LearnAlive] [           main] o.m.s.mapper.ClassPathMapperScanner      : Identified candidate component class: file [I:\TeamWorkspace\LearnAliveLMS-main\LearnAlive\target\classes\com\lms\attendance\repository\ExamSubmissionMapper.class]
2025-03-27T15:01:57.465+09:00 DEBUG 5316 --- [LearnAlive] [           main] o.m.s.mapper.ClassPathMapperScanner      : Identified candidate component class: file [I:\TeamWorkspace\LearnAliveLMS-main\LearnAlive\target\classes\com\lms\attendance\repository\LikeMapper.class]
2025-03-27T15:01:57.465+09:00 DEBUG 5316 --- [LearnAlive] [           main] o.m.s.mapper.ClassPathMapperScanner      : Identified candidate component class: file [I:\TeamWorkspace\LearnAliveLMS-main\LearnAlive\target\classes\com\lms\attendance\repository\MyProfileMapper.class]
2025-03-27T15:01:57.465+09:00 DEBUG 5316 --- [LearnAlive] [           main] o.m.s.mapper.ClassPathMapperScanner      : Identified candidate component class: file [I:\TeamWorkspace\LearnAliveLMS-main\LearnAlive\target\classes\com\lms\attendance\repository\NoticeMapper.class]
2025-03-27T15:01:57.465+09:00 DEBUG 5316 --- [LearnAlive] [           main] o.m.s.mapper.ClassPathMapperScanner      : Identified candidate component class: file [I:\TeamWorkspace\LearnAliveLMS-main\LearnAlive\target\classes\com\lms\attendance\repository\PostMapper.class]
2025-03-27T15:01:57.465+09:00 DEBUG 5316 --- [LearnAlive] [           main] o.m.s.mapper.ClassPathMapperScanner      : Identified candidate component class: file [I:\TeamWorkspace\LearnAliveLMS-main\LearnAlive\target\classes\com\lms\attendance\repository\ProfessorMapper.class]
2025-03-27T15:01:57.465+09:00 DEBUG 5316 --- [LearnAlive] [           main] o.m.s.mapper.ClassPathMapperScanner      : Identified candidate component class: file [I:\TeamWorkspace\LearnAliveLMS-main\LearnAlive\target\classes\com\lms\attendance\repository\ProjectMemberMapper.class]
2025-03-27T15:01:57.465+09:00 DEBUG 5316 --- [LearnAlive] [           main] o.m.s.mapper.ClassPathMapperScanner      : Identified candidate component class: file [I:\TeamWorkspace\LearnAliveLMS-main\LearnAlive\target\classes\com\lms\attendance\repository\StudentMapper.class]
2025-03-27T15:01:57.465+09:00 DEBUG 5316 --- [LearnAlive] [           main] o.m.s.mapper.ClassPathMapperScanner      : Identified candidate component class: file [I:\TeamWorkspace\LearnAliveLMS-main\LearnAlive\target\classes\com\lms\attendance\repository\SurveyMapper.class]
2025-03-27T15:01:57.465+09:00 DEBUG 5316 --- [LearnAlive] [           main] o.m.s.mapper.ClassPathMapperScanner      : Identified candidate component class: file [I:\TeamWorkspace\LearnAliveLMS-main\LearnAlive\target\classes\com\lms\attendance\repository\SurveyResponseMapper.class]
2025-03-27T15:01:57.465+09:00 DEBUG 5316 --- [LearnAlive] [           main] o.m.s.mapper.ClassPathMapperScanner      : Identified candidate component class: file [I:\TeamWorkspace\LearnAliveLMS-main\LearnAlive\target\classes\com\lms\attendance\repository\TeamActivityApplicationMapper.class]
2025-03-27T15:01:57.465+09:00 DEBUG 5316 --- [LearnAlive] [           main] o.m.s.mapper.ClassPathMapperScanner      : Identified candidate component class: file [I:\TeamWorkspace\LearnAliveLMS-main\LearnAlive\target\classes\com\lms\attendance\repository\TeamActivityCommentMapper.class]
2025-03-27T15:01:57.466+09:00 DEBUG 5316 --- [LearnAlive] [           main] o.m.s.mapper.ClassPathMapperScanner      : Identified candidate component class: file [I:\TeamWorkspace\LearnAliveLMS-main\LearnAlive\target\classes\com\lms\attendance\repository\TeamActivityPostMapper.class]
2025-03-27T15:01:57.466+09:00 DEBUG 5316 --- [LearnAlive] [           main] o.m.s.mapper.ClassPathMapperScanner      : Identified candidate component class: file [I:\TeamWorkspace\LearnAliveLMS-main\LearnAlive\target\classes\com\lms\attendance\repository\TestMapper.class]
2025-03-27T15:01:57.466+09:00 DEBUG 5316 --- [LearnAlive] [           main] o.m.s.mapper.ClassPathMapperScanner      : Identified candidate component class: file [I:\TeamWorkspace\LearnAliveLMS-main\LearnAlive\target\classes\com\lms\attendance\repository\TodoMapper.class]
2025-03-27T15:01:57.466+09:00 DEBUG 5316 --- [LearnAlive] [           main] o.m.s.mapper.ClassPathMapperScanner      : Identified candidate component class: file [I:\TeamWorkspace\LearnAliveLMS-main\LearnAlive\target\classes\com\lms\attendance\repository\UniversityMapper.class]
2025-03-27T15:01:57.467+09:00 DEBUG 5316 --- [LearnAlive] [           main] o.m.s.mapper.ClassPathMapperScanner      : Creating MapperFactoryBean with name 'achievementMapper' and 'com.lms.attendance.repository.AchievementMapper' mapperInterface
2025-03-27T15:01:57.470+09:00 DEBUG 5316 --- [LearnAlive] [           main] o.m.s.mapper.ClassPathMapperScanner      : Enabling autowire by type for MapperFactoryBean with name 'achievementMapper'.
2025-03-27T15:01:57.470+09:00 DEBUG 5316 --- [LearnAlive] [           main] o.m.s.mapper.ClassPathMapperScanner      : Creating MapperFactoryBean with name 'alarmListMapper' and 'com.lms.attendance.repository.AlarmListMapper' mapperInterface
2025-03-27T15:01:57.470+09:00 DEBUG 5316 --- [LearnAlive] [           main] o.m.s.mapper.ClassPathMapperScanner      : Enabling autowire by type for MapperFactoryBean with name 'alarmListMapper'.
2025-03-27T15:01:57.470+09:00 DEBUG 5316 --- [LearnAlive] [           main] o.m.s.mapper.ClassPathMapperScanner      : Creating MapperFactoryBean with name 'attendanceMapper' and 'com.lms.attendance.repository.AttendanceMapper' mapperInterface
2025-03-27T15:01:57.471+09:00 DEBUG 5316 --- [LearnAlive] [           main] o.m.s.mapper.ClassPathMapperScanner      : Enabling autowire by type for MapperFactoryBean with name 'attendanceMapper'.
2025-03-27T15:01:57.471+09:00 DEBUG 5316 --- [LearnAlive] [           main] o.m.s.mapper.ClassPathMapperScanner      : Creating MapperFactoryBean with name 'authMapper' and 'com.lms.attendance.repository.AuthMapper' mapperInterface
2025-03-27T15:01:57.471+09:00 DEBUG 5316 --- [LearnAlive] [           main] o.m.s.mapper.ClassPathMapperScanner      : Enabling autowire by type for MapperFactoryBean with name 'authMapper'.
2025-03-27T15:01:57.471+09:00 DEBUG 5316 --- [LearnAlive] [           main] o.m.s.mapper.ClassPathMapperScanner      : Creating MapperFactoryBean with name 'boardMapper' and 'com.lms.attendance.repository.BoardMapper' mapperInterface
2025-03-27T15:01:57.472+09:00 DEBUG 5316 --- [LearnAlive] [           main] o.m.s.mapper.ClassPathMapperScanner      : Enabling autowire by type for MapperFactoryBean with name 'boardMapper'.
2025-03-27T15:01:57.472+09:00 DEBUG 5316 --- [LearnAlive] [           main] o.m.s.mapper.ClassPathMapperScanner      : Creating MapperFactoryBean with name 'classMapper' and 'com.lms.attendance.repository.ClassMapper' mapperInterface
2025-03-27T15:01:57.472+09:00 DEBUG 5316 --- [LearnAlive] [           main] o.m.s.mapper.ClassPathMapperScanner      : Enabling autowire by type for MapperFactoryBean with name 'classMapper'.
2025-03-27T15:01:57.472+09:00 DEBUG 5316 --- [LearnAlive] [           main] o.m.s.mapper.ClassPathMapperScanner      : Creating MapperFactoryBean with name 'courseMapper' and 'com.lms.attendance.repository.CourseMapper' mapperInterface
2025-03-27T15:01:57.473+09:00 DEBUG 5316 --- [LearnAlive] [           main] o.m.s.mapper.ClassPathMapperScanner      : Enabling autowire by type for MapperFactoryBean with name 'courseMapper'.
2025-03-27T15:01:57.473+09:00 DEBUG 5316 --- [LearnAlive] [           main] o.m.s.mapper.ClassPathMapperScanner      : Creating MapperFactoryBean with name 'databaseMapper' and 'com.lms.attendance.repository.DatabaseMapper' mapperInterface
2025-03-27T15:01:57.473+09:00 DEBUG 5316 --- [LearnAlive] [           main] o.m.s.mapper.ClassPathMapperScanner      : Enabling autowire by type for MapperFactoryBean with name 'databaseMapper'.
2025-03-27T15:01:57.473+09:00 DEBUG 5316 --- [LearnAlive] [           main] o.m.s.mapper.ClassPathMapperScanner      : Creating MapperFactoryBean with name 'departmentMapper' and 'com.lms.attendance.repository.DepartmentMapper' mapperInterface
2025-03-27T15:01:57.474+09:00 DEBUG 5316 --- [LearnAlive] [           main] o.m.s.mapper.ClassPathMapperScanner      : Enabling autowire by type for MapperFactoryBean with name 'departmentMapper'.
2025-03-27T15:01:57.474+09:00 DEBUG 5316 --- [LearnAlive] [           main] o.m.s.mapper.ClassPathMapperScanner      : Creating MapperFactoryBean with name 'examAnswerMapper' and 'com.lms.attendance.repository.ExamAnswerMapper' mapperInterface
2025-03-27T15:01:57.474+09:00 DEBUG 5316 --- [LearnAlive] [           main] o.m.s.mapper.ClassPathMapperScanner      : Enabling autowire by type for MapperFactoryBean with name 'examAnswerMapper'.
2025-03-27T15:01:57.474+09:00 DEBUG 5316 --- [LearnAlive] [           main] o.m.s.mapper.ClassPathMapperScanner      : Creating MapperFactoryBean with name 'examMapper' and 'com.lms.attendance.repository.ExamMapper' mapperInterface
2025-03-27T15:01:57.474+09:00 DEBUG 5316 --- [LearnAlive] [           main] o.m.s.mapper.ClassPathMapperScanner      : Enabling autowire by type for MapperFactoryBean with name 'examMapper'.
2025-03-27T15:01:57.475+09:00 DEBUG 5316 --- [LearnAlive] [           main] o.m.s.mapper.ClassPathMapperScanner      : Creating MapperFactoryBean with name 'examQuestionMapper' and 'com.lms.attendance.repository.ExamQuestionMapper' mapperInterface
2025-03-27T15:01:57.475+09:00 DEBUG 5316 --- [LearnAlive] [           main] o.m.s.mapper.ClassPathMapperScanner      : Enabling autowire by type for MapperFactoryBean with name 'examQuestionMapper'.
2025-03-27T15:01:57.475+09:00 DEBUG 5316 --- [LearnAlive] [           main] o.m.s.mapper.ClassPathMapperScanner      : Creating MapperFactoryBean with name 'examScoreMapper' and 'com.lms.attendance.repository.ExamScoreMapper' mapperInterface
2025-03-27T15:01:57.475+09:00 DEBUG 5316 --- [LearnAlive] [           main] o.m.s.mapper.ClassPathMapperScanner      : Enabling autowire by type for MapperFactoryBean with name 'examScoreMapper'.
2025-03-27T15:01:57.475+09:00 DEBUG 5316 --- [LearnAlive] [           main] o.m.s.mapper.ClassPathMapperScanner      : Creating MapperFactoryBean with name 'examSubmissionMapper' and 'com.lms.attendance.repository.ExamSubmissionMapper' mapperInterface
2025-03-27T15:01:57.476+09:00 DEBUG 5316 --- [LearnAlive] [           main] o.m.s.mapper.ClassPathMapperScanner      : Enabling autowire by type for MapperFactoryBean with name 'examSubmissionMapper'.
2025-03-27T15:01:57.476+09:00 DEBUG 5316 --- [LearnAlive] [           main] o.m.s.mapper.ClassPathMapperScanner      : Creating MapperFactoryBean with name 'likeMapper' and 'com.lms.attendance.repository.LikeMapper' mapperInterface
2025-03-27T15:01:57.476+09:00 DEBUG 5316 --- [LearnAlive] [           main] o.m.s.mapper.ClassPathMapperScanner      : Enabling autowire by type for MapperFactoryBean with name 'likeMapper'.
2025-03-27T15:01:57.476+09:00 DEBUG 5316 --- [LearnAlive] [           main] o.m.s.mapper.ClassPathMapperScanner      : Creating MapperFactoryBean with name 'myProfileMapper' and 'com.lms.attendance.repository.MyProfileMapper' mapperInterface
2025-03-27T15:01:57.476+09:00 DEBUG 5316 --- [LearnAlive] [           main] o.m.s.mapper.ClassPathMapperScanner      : Enabling autowire by type for MapperFactoryBean with name 'myProfileMapper'.
2025-03-27T15:01:57.477+09:00 DEBUG 5316 --- [LearnAlive] [           main] o.m.s.mapper.ClassPathMapperScanner      : Creating MapperFactoryBean with name 'noticeMapper' and 'com.lms.attendance.repository.NoticeMapper' mapperInterface
2025-03-27T15:01:57.477+09:00 DEBUG 5316 --- [LearnAlive] [           main] o.m.s.mapper.ClassPathMapperScanner      : Enabling autowire by type for MapperFactoryBean with name 'noticeMapper'.
2025-03-27T15:01:57.477+09:00 DEBUG 5316 --- [LearnAlive] [           main] o.m.s.mapper.ClassPathMapperScanner      : Creating MapperFactoryBean with name 'postMapper' and 'com.lms.attendance.repository.PostMapper' mapperInterface
2025-03-27T15:01:57.477+09:00 DEBUG 5316 --- [LearnAlive] [           main] o.m.s.mapper.ClassPathMapperScanner      : Enabling autowire by type for MapperFactoryBean with name 'postMapper'.
2025-03-27T15:01:57.477+09:00 DEBUG 5316 --- [LearnAlive] [           main] o.m.s.mapper.ClassPathMapperScanner      : Creating MapperFactoryBean with name 'professorMapper' and 'com.lms.attendance.repository.ProfessorMapper' mapperInterface
2025-03-27T15:01:57.478+09:00 DEBUG 5316 --- [LearnAlive] [           main] o.m.s.mapper.ClassPathMapperScanner      : Enabling autowire by type for MapperFactoryBean with name 'professorMapper'.
2025-03-27T15:01:57.478+09:00 DEBUG 5316 --- [LearnAlive] [           main] o.m.s.mapper.ClassPathMapperScanner      : Creating MapperFactoryBean with name 'projectMemberMapper' and 'com.lms.attendance.repository.ProjectMemberMapper' mapperInterface
2025-03-27T15:01:57.478+09:00 DEBUG 5316 --- [LearnAlive] [           main] o.m.s.mapper.ClassPathMapperScanner      : Enabling autowire by type for MapperFactoryBean with name 'projectMemberMapper'.
2025-03-27T15:01:57.478+09:00 DEBUG 5316 --- [LearnAlive] [           main] o.m.s.mapper.ClassPathMapperScanner      : Creating MapperFactoryBean with name 'studentMapper' and 'com.lms.attendance.repository.StudentMapper' mapperInterface
2025-03-27T15:01:57.478+09:00 DEBUG 5316 --- [LearnAlive] [           main] o.m.s.mapper.ClassPathMapperScanner      : Enabling autowire by type for MapperFactoryBean with name 'studentMapper'.
2025-03-27T15:01:57.479+09:00 DEBUG 5316 --- [LearnAlive] [           main] o.m.s.mapper.ClassPathMapperScanner      : Creating MapperFactoryBean with name 'surveyMapper' and 'com.lms.attendance.repository.SurveyMapper' mapperInterface
2025-03-27T15:01:57.479+09:00 DEBUG 5316 --- [LearnAlive] [           main] o.m.s.mapper.ClassPathMapperScanner      : Enabling autowire by type for MapperFactoryBean with name 'surveyMapper'.
2025-03-27T15:01:57.479+09:00 DEBUG 5316 --- [LearnAlive] [           main] o.m.s.mapper.ClassPathMapperScanner      : Creating MapperFactoryBean with name 'surveyResponseMapper' and 'com.lms.attendance.repository.SurveyResponseMapper' mapperInterface
2025-03-27T15:01:57.480+09:00 DEBUG 5316 --- [LearnAlive] [           main] o.m.s.mapper.ClassPathMapperScanner      : Enabling autowire by type for MapperFactoryBean with name 'surveyResponseMapper'.
2025-03-27T15:01:57.480+09:00 DEBUG 5316 --- [LearnAlive] [           main] o.m.s.mapper.ClassPathMapperScanner      : Creating MapperFactoryBean with name 'teamActivityApplicationMapper' and 'com.lms.attendance.repository.TeamActivityApplicationMapper' mapperInterface
2025-03-27T15:01:57.480+09:00 DEBUG 5316 --- [LearnAlive] [           main] o.m.s.mapper.ClassPathMapperScanner      : Enabling autowire by type for MapperFactoryBean with name 'teamActivityApplicationMapper'.
2025-03-27T15:01:57.480+09:00 DEBUG 5316 --- [LearnAlive] [           main] o.m.s.mapper.ClassPathMapperScanner      : Creating MapperFactoryBean with name 'teamActivityCommentMapper' and 'com.lms.attendance.repository.TeamActivityCommentMapper' mapperInterface
2025-03-27T15:01:57.480+09:00 DEBUG 5316 --- [LearnAlive] [           main] o.m.s.mapper.ClassPathMapperScanner      : Enabling autowire by type for MapperFactoryBean with name 'teamActivityCommentMapper'.
2025-03-27T15:01:57.480+09:00 DEBUG 5316 --- [LearnAlive] [           main] o.m.s.mapper.ClassPathMapperScanner      : Creating MapperFactoryBean with name 'teamActivityPostMapper' and 'com.lms.attendance.repository.TeamActivityPostMapper' mapperInterface
2025-03-27T15:01:57.481+09:00 DEBUG 5316 --- [LearnAlive] [           main] o.m.s.mapper.ClassPathMapperScanner      : Enabling autowire by type for MapperFactoryBean with name 'teamActivityPostMapper'.
2025-03-27T15:01:57.481+09:00 DEBUG 5316 --- [LearnAlive] [           main] o.m.s.mapper.ClassPathMapperScanner      : Creating MapperFactoryBean with name 'testMapper' and 'com.lms.attendance.repository.TestMapper' mapperInterface
2025-03-27T15:01:57.481+09:00 DEBUG 5316 --- [LearnAlive] [           main] o.m.s.mapper.ClassPathMapperScanner      : Enabling autowire by type for MapperFactoryBean with name 'testMapper'.
2025-03-27T15:01:57.481+09:00 DEBUG 5316 --- [LearnAlive] [           main] o.m.s.mapper.ClassPathMapperScanner      : Creating MapperFactoryBean with name 'todoMapper' and 'com.lms.attendance.repository.TodoMapper' mapperInterface
2025-03-27T15:01:57.481+09:00 DEBUG 5316 --- [LearnAlive] [           main] o.m.s.mapper.ClassPathMapperScanner      : Enabling autowire by type for MapperFactoryBean with name 'todoMapper'.
2025-03-27T15:01:57.482+09:00 DEBUG 5316 --- [LearnAlive] [           main] o.m.s.mapper.ClassPathMapperScanner      : Creating MapperFactoryBean with name 'universityMapper' and 'com.lms.attendance.repository.UniversityMapper' mapperInterface
2025-03-27T15:01:57.482+09:00 DEBUG 5316 --- [LearnAlive] [           main] o.m.s.mapper.ClassPathMapperScanner      : Enabling autowire by type for MapperFactoryBean with name 'universityMapper'.
2025-03-27T15:01:57.680+09:00 DEBUG 5316 --- [LearnAlive] [           main] o.mybatis.spring.SqlSessionFactoryBean   : Property 'configuration' or 'configLocation' not specified, using default MyBatis Configuration
2025-03-27T15:01:57.724+09:00 DEBUG 5316 --- [LearnAlive] [           main] o.mybatis.spring.SqlSessionFactoryBean   : Property 'mapperLocations' was not specified.
✅✅✅ ProfessorController Bean 생성 완료 ✅✅✅
2025-03-27T15:01:58.113+09:00  WARN 5316 --- [LearnAlive] [           main] .s.s.UserDetailsServiceAutoConfiguration : 

Using generated security password: 5e0d3cfc-0917-45c5-9c6c-b779709702a9

This generated password is for development use only. Your security configuration must be updated before running your application in production.

2025-03-27T15:01:58.121+09:00  INFO 5316 --- [LearnAlive] [           main] r$InitializeUserDetailsManagerConfigurer : Global AuthenticationManager configured with UserDetailsService bean with name inMemoryUserDetailsManager
2025-03-27T15:01:58.381+09:00  INFO 5316 --- [LearnAlive] [           main] o.s.b.a.w.s.WelcomePageHandlerMapping    : Adding welcome page: class path resource [static/index.html]
2025-03-27T15:01:58.643+09:00  INFO 5316 --- [LearnAlive] [           main] o.s.m.s.b.SimpleBrokerMessageHandler     : Starting...
2025-03-27T15:01:58.645+09:00  INFO 5316 --- [LearnAlive] [           main] o.s.m.s.b.SimpleBrokerMessageHandler     : BrokerAvailabilityEvent[available=true, SimpleBrokerMessageHandler [org.springframework.messaging.simp.broker.DefaultSubscriptionRegistry@6253e59a]]
2025-03-27T15:01:58.645+09:00  INFO 5316 --- [LearnAlive] [           main] o.s.m.s.b.SimpleBrokerMessageHandler     : Started.
2025-03-27T15:01:58.651+09:00  INFO 5316 --- [LearnAlive] [           main] c.l.a.KoreaAttendanceApplicationTests    : Started KoreaAttendanceApplicationTests in 2.885 seconds (process running for 3.656)
]]></system-out>
  </testcase>
</testsuite>